#
# A fatal error has been detected by the Java Runtime Environment:
#
#  Internal Error (javaClasses.cpp:124), pid=5104, tid=3912
#  fatal error: Invalid layout of preloaded class
#
# JRE version:  (8.0_05-b13) (build )
# Java VM: Java HotSpot(TM) 64-Bit Server VM (25.5-b02 mixed mode windows-amd64 compressed oops)
# Failed to write core dump. Minidumps are not enabled by default on client versions of Windows
#
# If you would like to submit a bug report, please visit:
#   http://bugreport.sun.com/bugreport/crash.jsp
#

---------------  T H R E A D  ---------------

Current thread (0x000000000039e000):  JavaThread "Unknown thread" [_thread_in_vm, id=3912, stack(0x0000000002700000,0x0000000002800000)]

Stack: [0x0000000002700000,0x0000000002800000]
Native frames: (J=compiled Java code, j=interpreted, Vv=VM code, C=native code)
V  [jvm.dll+0x308dea]
V  [jvm.dll+0x25def1]
V  [jvm.dll+0x25eb0f]
V  [jvm.dll+0x256466]
V  [jvm.dll+0x5d33c]
V  [jvm.dll+0x5d433]
V  [jvm.dll+0x71d2a]
V  [jvm.dll+0x72088]
V  [jvm.dll+0xe1607]
V  [jvm.dll+0xe1996]
V  [jvm.dll+0x1f13e7]
V  [jvm.dll+0x2227c4]
V  [jvm.dll+0x149f71]
C  [javaw.exe+0x208a]
C  [javaw.exe+0xc9db]
C  [javaw.exe+0xca6f]
C  [kernel32.dll+0x1f56d]
C  [ntdll.dll+0x32cc1]


---------------  P R O C E S S  ---------------

Java Threads: ( => current thread )

Other Threads:

=>0x000000000039e000 (exited) JavaThread "Unknown thread" [_thread_in_vm, id=3912, stack(0x0000000002700000,0x0000000002800000)]

VM state:not at safepoint (not fully initialized)

VM Mutex/Monitor currently owned by a thread: None

GC Heap History (0 events):
No events

Deoptimization events (0 events):
No events

Internal exceptions (0 events):
No events

Events (10 events):
Event: 0.014 loading class java/lang/CharSequence done
Event: 0.014 loading class java/lang/String done
Event: 0.014 loading class java/lang/Class
Event: 0.014 loading class java/lang/reflect/AnnotatedElement
Event: 0.014 loading class java/lang/reflect/AnnotatedElement done
Event: 0.014 loading class java/lang/reflect/GenericDeclaration
Event: 0.014 loading class java/lang/reflect/GenericDeclaration done
Event: 0.014 loading class java/lang/reflect/Type
Event: 0.014 loading class java/lang/reflect/Type done
Event: 0.014 loading class java/lang/Class done


Dynamic libraries:
0x000000013ff10000 - 0x000000013ff44000 	C:\Program Files\Java\jdk1.8.0_05\bin\javaw.exe
0x00000000773d0000 - 0x000000007757c000 	C:\Windows\SYSTEM32\ntdll.dll
0x00000000771b0000 - 0x00000000772cf000 	C:\Windows\system32\kernel32.dll
0x000007fefd690000 - 0x000007fefd6fb000 	C:\Windows\system32\KERNELBASE.dll
0x000007fefe2e0000 - 0x000007fefe3bb000 	C:\Windows\system32\ADVAPI32.dll
0x000007fefdb50000 - 0x000007fefdbef000 	C:\Windows\system32\msvcrt.dll
0x000007feff6c0000 - 0x000007feff6df000 	C:\Windows\SYSTEM32\sechost.dll
0x000007fefded0000 - 0x000007fefdffe000 	C:\Windows\system32\RPCRT4.dll
0x00000000772d0000 - 0x00000000773ca000 	C:\Windows\system32\USER32.dll
0x000007feff640000 - 0x000007feff6a7000 	C:\Windows\system32\GDI32.dll
0x000007feff6b0000 - 0x000007feff6be000 	C:\Windows\system32\LPK.dll
0x000007fefd810000 - 0x000007fefd8da000 	C:\Windows\system32\USP10.dll
0x000007fefba70000 - 0x000007fefbc64000 	C:\Windows\WinSxS\amd64_microsoft.windows.common-controls_6595b64144ccf1df_6.0.7600.16661_none_fa62ad231704eab7\COMCTL32.dll
0x000007fefe000000 - 0x000007fefe071000 	C:\Windows\system32\SHLWAPI.dll
0x000007fefdd20000 - 0x000007fefdd4e000 	C:\Windows\system32\IMM32.DLL
0x000007fefd700000 - 0x000007fefd809000 	C:\Windows\system32\MSCTF.dll
0x000007fefd2f0000 - 0x000007fefd330000 	C:\Windows\system32\nvinitx.dll
0x0000000073ca0000 - 0x0000000073d72000 	C:\Program Files\Java\jdk1.8.0_05\jre\bin\msvcr100.dll
0x000000006aaf0000 - 0x000000006b31a000 	C:\Program Files\Java\jdk1.8.0_05\jre\bin\server\jvm.dll
0x000007fef38c0000 - 0x000007fef38c9000 	C:\Windows\system32\WSOCK32.dll
0x000007feff5f0000 - 0x000007feff63d000 	C:\Windows\system32\WS2_32.dll
0x000007fefdb40000 - 0x000007fefdb48000 	C:\Windows\system32\NSI.dll
0x000007fefaa80000 - 0x000007fefaabb000 	C:\Windows\system32\WINMM.dll
0x0000000077590000 - 0x0000000077597000 	C:\Windows\system32\PSAPI.DLL
0x0000000073e40000 - 0x0000000073e4f000 	C:\Program Files\Java\jdk1.8.0_05\jre\bin\verify.dll
0x0000000073e10000 - 0x0000000073e38000 	C:\Program Files\Java\jdk1.8.0_05\jre\bin\java.dll
0x0000000073df0000 - 0x0000000073e06000 	C:\Program Files\Java\jdk1.8.0_05\jre\bin\zip.dll
0x000007fef0d80000 - 0x000007fef0ea5000 	C:\Windows\system32\dbghelp.dll

VM Arguments:
jvm_args: -Dfile.encoding=GBK -Xbootclasspath:D:\android-sdk\platforms\android-19\android.jar 
java_command: com.jiangyoung.location2.activity.Testx
java_class_path (initial): D:\workspace\android\Location2\bin\classes;D:\workspace\android\Location2\libs\json.jar;D:\workspace\android\Location2\libs\android-support-v4.jar;D:\workspace\android\Location2\libs\BaiduLBS_Android.jar
Launcher Type: SUN_STANDARD

Environment Variables:
JAVA_HOME=C:\Program Files\Java\jdk1.8.0_05
CLASSPATH=.;C:\Program Files\Java\jdk1.8.0_05\lib\dt.jar;C:\Program Files\Java\jdk1.8.0_05\lib\tools.jar;
PATH=C:/Program Files/Java/jdk1.8.0_05/bin/../jre/bin/server;C:/Program Files/Java/jdk1.8.0_05/bin/../jre/bin;C:/Program Files/Java/jdk1.8.0_05/bin/../jre/lib/amd64;d:\Program Files (x86)\EasyPHP-DevServer-14.1VC11\binaries\php\php_runningversion;C:\Program Files\Java\jdk1.8.0_05\bin;C:\Program Files\Java\jdk1.8.0_05\jre\bin;C:\Program Files (x86)\NVIDIA Corporation\PhysX\Common;C:\Windows\system32;C:\Windows;C:\Windows\System32\Wbem;C:\Windows\System32\WindowsPowerShell\v1.0\;C:\Program Files (x86)\Intel\OpenCL SDK\2.0\bin\x86;C:\Program Files (x86)\Intel\OpenCL SDK\2.0\bin\x64;D:\xampp\php;C:\ProgramData\ComposerSetup\bin;;D:\eclipse\eclipse-android;
USERNAME=xx2
OS=Windows_NT
PROCESSOR_IDENTIFIER=Intel64 Family 6 Model 42 Stepping 7, GenuineIntel



---------------  S Y S T E M  ---------------

OS: Windows 7 , 64 bit Build 7600 

CPU:total 8 (4 cores per cpu, 2 threads per core) family 6 model 42 stepping 7, cmov, cx8, fxsr, mmx, sse, sse2, sse3, ssse3, sse4.1, sse4.2, popcnt, aes, clmul, ht, tsc, tscinvbit

Memory: 4k page, physical 4140896k(1717408k free), swap 8279896k(5226536k free)

vm_info: Java HotSpot(TM) 64-Bit Server VM (25.5-b02) for windows-amd64 JRE (1.8.0_05-b13), built on Mar 18 2014 01:08:39 by "java_re" with MS VC++ 10.0 (VS2010)

time: Fri Jan 09 13:16:44 2015
elapsed time: 0 seconds

